Started GET "/" for 70.44.175.215 at 2017-08-20 00:30:33 +0000
Cannot render console from 70.44.175.215! Allowed networks: 127.0.0.1, ::1, 127.0.0.0/127.255.255.255
  
ActiveRecord::PendingMigrationError (

Migrations are pending. To resolve this issue, run:

	bin/rails db:migrate RAILS_ENV=development

):
  
activerecord (5.0.0) lib/active_record/migration.rb:572:in `check_pending!'
activerecord (5.0.0) lib/active_record/migration.rb:548:in `call'
actionpack (5.0.0) lib/action_dispatch/middleware/callbacks.rb:38:in `block in call'
activesupport (5.0.0) lib/active_support/callbacks.rb:97:in `__run_callbacks__'
activesupport (5.0.0) lib/active_support/callbacks.rb:750:in `_run_call_callbacks'
activesupport (5.0.0) lib/active_support/callbacks.rb:90:in `run_callbacks'
actionpack (5.0.0) lib/action_dispatch/middleware/callbacks.rb:36:in `call'
actionpack (5.0.0) lib/action_dispatch/middleware/executor.rb:12:in `call'
actionpack (5.0.0) lib/action_dispatch/middleware/remote_ip.rb:79:in `call'
actionpack (5.0.0) lib/action_dispatch/middleware/debug_exceptions.rb:49:in `call'
web-console (3.5.1) lib/web_console/middleware.rb:135:in `call_app'
web-console (3.5.1) lib/web_console/middleware.rb:20:in `block in call'
web-console (3.5.1) lib/web_console/middleware.rb:18:in `catch'
web-console (3.5.1) lib/web_console/middleware.rb:18:in `call'
actionpack (5.0.0) lib/action_dispatch/middleware/show_exceptions.rb:31:in `call'
railties (5.0.0) lib/rails/rack/logger.rb:36:in `call_app'
railties (5.0.0) lib/rails/rack/logger.rb:24:in `block in call'
activesupport (5.0.0) lib/active_support/tagged_logging.rb:70:in `block in tagged'
activesupport (5.0.0) lib/active_support/tagged_logging.rb:26:in `tagged'
activesupport (5.0.0) lib/active_support/tagged_logging.rb:70:in `tagged'
railties (5.0.0) lib/rails/rack/logger.rb:24:in `call'
sprockets-rails (3.2.0) lib/sprockets/rails/quiet_assets.rb:13:in `call'
actionpack (5.0.0) lib/action_dispatch/middleware/request_id.rb:24:in `call'
rack (2.0.3) lib/rack/method_override.rb:22:in `call'
rack (2.0.3) lib/rack/runtime.rb:22:in `call'
activesupport (5.0.0) lib/active_support/cache/strategy/local_cache_middleware.rb:28:in `call'
actionpack (5.0.0) lib/action_dispatch/middleware/executor.rb:12:in `call'
actionpack (5.0.0) lib/action_dispatch/middleware/static.rb:136:in `call'
rack (2.0.3) lib/rack/sendfile.rb:111:in `call'
railties (5.0.0) lib/rails/engine.rb:522:in `call'
puma (3.4.0) lib/puma/configuration.rb:224:in `call'
puma (3.4.0) lib/puma/server.rb:569:in `handle_request'
puma (3.4.0) lib/puma/server.rb:406:in `process_client'
puma (3.4.0) lib/puma/server.rb:271:in `block in run'
puma (3.4.0) lib/puma/thread_pool.rb:114:in `block in spawn_thread'
  Rendering /usr/local/rvm/gems/ruby-2.3.0@saasapp/gems/actionpack-5.0.0/lib/action_dispatch/middleware/templates/rescues/diagnostics.html.erb within rescues/layout
  Rendering /usr/local/rvm/gems/ruby-2.3.0@saasapp/gems/actionpack-5.0.0/lib/action_dispatch/middleware/templates/rescues/_source.html.erb
  Rendered /usr/local/rvm/gems/ruby-2.3.0@saasapp/gems/actionpack-5.0.0/lib/action_dispatch/middleware/templates/rescues/_source.html.erb (1.9ms)
  Rendering /usr/local/rvm/gems/ruby-2.3.0@saasapp/gems/actionpack-5.0.0/lib/action_dispatch/middleware/templates/rescues/_trace.html.erb
  Rendered /usr/local/rvm/gems/ruby-2.3.0@saasapp/gems/actionpack-5.0.0/lib/action_dispatch/middleware/templates/rescues/_trace.html.erb (1.2ms)
  Rendering /usr/local/rvm/gems/ruby-2.3.0@saasapp/gems/actionpack-5.0.0/lib/action_dispatch/middleware/templates/rescues/_request_and_response.html.erb
  Rendered /usr/local/rvm/gems/ruby-2.3.0@saasapp/gems/actionpack-5.0.0/lib/action_dispatch/middleware/templates/rescues/_request_and_response.html.erb (1.0ms)
  Rendered /usr/local/rvm/gems/ruby-2.3.0@saasapp/gems/actionpack-5.0.0/lib/action_dispatch/middleware/templates/rescues/diagnostics.html.erb within rescues/layout (149.1ms)
  [1m[35m (122.3ms)[0m  [1m[35mCREATE TABLE "schema_migrations" ("version" varchar NOT NULL PRIMARY KEY)[0m
  [1m[35m (11.6ms)[0m  [1m[35mCREATE TABLE "ar_internal_metadata" ("key" varchar NOT NULL PRIMARY KEY, "value" varchar, "created_at" datetime NOT NULL, "updated_at" datetime NOT NULL)[0m
  [1m[36mActiveRecord::SchemaMigration Load (0.2ms)[0m  [1m[34mSELECT "schema_migrations".* FROM "schema_migrations"[0m
Migrating to CreateContacts (20170812012524)
  [1m[35m (0.1ms)[0m  [1m[36mbegin transaction[0m
  [1m[35m (0.4ms)[0m  [1m[35mCREATE TABLE "contacts" ("id" INTEGER PRIMARY KEY AUTOINCREMENT NOT NULL, "name" varchar, "email" varchar, "comments" text, "created_at" datetime NOT NULL, "updated_at" datetime NOT NULL)[0m
  [1m[35mSQL (0.2ms)[0m  [1m[32mINSERT INTO "schema_migrations" ("version") VALUES (?)[0m  [["version", "20170812012524"]]
  [1m[35m (11.2ms)[0m  [1m[36mcommit transaction[0m
Migrating to DeviseCreateUsers (20170816020729)
  [1m[35m (0.1ms)[0m  [1m[36mbegin transaction[0m
  [1m[35m (0.4ms)[0m  [1m[35mCREATE TABLE "users" ("id" INTEGER PRIMARY KEY AUTOINCREMENT NOT NULL, "email" varchar DEFAULT '' NOT NULL, "encrypted_password" varchar DEFAULT '' NOT NULL, "reset_password_token" varchar, "reset_password_sent_at" datetime, "remember_created_at" datetime, "sign_in_count" integer DEFAULT 0 NOT NULL, "current_sign_in_at" datetime, "last_sign_in_at" datetime, "current_sign_in_ip" varchar, "last_sign_in_ip" varchar, "created_at" datetime NOT NULL, "updated_at" datetime NOT NULL)[0m
  [1m[35m (0.1ms)[0m  [1m[34mselect sqlite_version(*)[0m
  [1m[35m (2.8ms)[0m  [1m[35mCREATE UNIQUE INDEX "index_users_on_email" ON "users" ("email")[0m
  [1m[35m (0.1ms)[0m  [1m[34m            SELECT sql
            FROM sqlite_master
            WHERE name='index_users_on_email' AND type='index'
            UNION ALL
            SELECT sql
            FROM sqlite_temp_master
            WHERE name='index_users_on_email' AND type='index'
[0m
  [1m[35m (0.2ms)[0m  [1m[35mCREATE UNIQUE INDEX "index_users_on_reset_password_token" ON "users" ("reset_password_token")[0m
  [1m[35mSQL (0.1ms)[0m  [1m[32mINSERT INTO "schema_migrations" ("version") VALUES (?)[0m  [["version", "20170816020729"]]
  [1m[35m (11.1ms)[0m  [1m[36mcommit transaction[0m
Migrating to CreatePlans (20170817041624)
  [1m[35m (0.1ms)[0m  [1m[36mbegin transaction[0m
  [1m[35m (0.4ms)[0m  [1m[35mCREATE TABLE "plans" ("id" INTEGER PRIMARY KEY AUTOINCREMENT NOT NULL, "name" varchar, "price" decimal, "created_at" datetime NOT NULL, "updated_at" datetime NOT NULL)[0m
  [1m[35mSQL (0.1ms)[0m  [1m[32mINSERT INTO "schema_migrations" ("version") VALUES (?)[0m  [["version", "20170817041624"]]
  [1m[35m (11.6ms)[0m  [1m[36mcommit transaction[0m
Migrating to AddPlanToUser (20170817045423)
  [1m[35m (0.1ms)[0m  [1m[36mbegin transaction[0m
  [1m[35m (0.4ms)[0m  [1m[35mALTER TABLE "users" ADD "plan_id" interger[0m
  [1m[35mSQL (0.2ms)[0m  [1m[32mINSERT INTO "schema_migrations" ("version") VALUES (?)[0m  [["version", "20170817045423"]]
  [1m[35m (13.4ms)[0m  [1m[36mcommit transaction[0m
Migrating to AddStripeCustomerTokenToUsers (20170818154506)
  [1m[35m (0.1ms)[0m  [1m[36mbegin transaction[0m
  [1m[35m (0.4ms)[0m  [1m[35mALTER TABLE "users" ADD "stripe_customer_token" varchar[0m
  [1m[35mSQL (0.2ms)[0m  [1m[32mINSERT INTO "schema_migrations" ("version") VALUES (?)[0m  [["version", "20170818154506"]]
  [1m[35m (11.2ms)[0m  [1m[36mcommit transaction[0m
  [1m[36mActiveRecord::InternalMetadata Load (0.2ms)[0m  [1m[34mSELECT  "ar_internal_metadata".* FROM "ar_internal_metadata" WHERE "ar_internal_metadata"."key" = ? LIMIT ?[0m  [["key", :environment], ["LIMIT", 1]]
  [1m[35m (0.1ms)[0m  [1m[36mbegin transaction[0m
  [1m[35mSQL (0.3ms)[0m  [1m[32mINSERT INTO "ar_internal_metadata" ("key", "value", "created_at", "updated_at") VALUES (?, ?, ?, ?)[0m  [["key", "environment"], ["value", "development"], ["created_at", 2017-08-20 00:30:51 UTC], ["updated_at", 2017-08-20 00:30:51 UTC]]
  [1m[35m (10.5ms)[0m  [1m[36mcommit transaction[0m
  [1m[36mActiveRecord::SchemaMigration Load (0.1ms)[0m  [1m[34mSELECT "schema_migrations".* FROM "schema_migrations"[0m
  [1m[35m (0.1ms)[0m  [1m[34m            SELECT sql
            FROM sqlite_master
            WHERE name='index_users_on_reset_password_token' AND type='index'
            UNION ALL
            SELECT sql
            FROM sqlite_temp_master
            WHERE name='index_users_on_reset_password_token' AND type='index'
[0m
  [1m[35m (0.1ms)[0m  [1m[34m            SELECT sql
            FROM sqlite_master
            WHERE name='index_users_on_email' AND type='index'
            UNION ALL
            SELECT sql
            FROM sqlite_temp_master
            WHERE name='index_users_on_email' AND type='index'
[0m
  [1m[36mActiveRecord::SchemaMigration Load (0.2ms)[0m  [1m[34mSELECT "schema_migrations".* FROM "schema_migrations"[0m
  [1m[35m (0.1ms)[0m  [1m[36mbegin transaction[0m
  [1m[35mSQL (1.5ms)[0m  [1m[32mINSERT INTO "plans" ("name", "price", "created_at", "updated_at") VALUES (?, ?, ?, ?)[0m  [["name", "basic"], ["price", #<BigDecimal:5e03508,'0.0',9(27)>], ["created_at", 2017-08-20 00:31:06 UTC], ["updated_at", 2017-08-20 00:31:06 UTC]]
  [1m[35m (12.9ms)[0m  [1m[36mcommit transaction[0m
  [1m[35m (0.1ms)[0m  [1m[36mbegin transaction[0m
  [1m[35mSQL (0.4ms)[0m  [1m[32mINSERT INTO "plans" ("name", "price", "created_at", "updated_at") VALUES (?, ?, ?, ?)[0m  [["name", "pro"], ["price", #<BigDecimal:48dc1c0,'0.1E2',9(27)>], ["created_at", 2017-08-20 00:31:06 UTC], ["updated_at", 2017-08-20 00:31:06 UTC]]
  [1m[35m (9.7ms)[0m  [1m[36mcommit transaction[0m
Started GET "/" for 70.44.175.215 at 2017-08-20 00:31:25 +0000
Cannot render console from 70.44.175.215! Allowed networks: 127.0.0.1, ::1, 127.0.0.0/127.255.255.255
  [1m[36mActiveRecord::SchemaMigration Load (0.2ms)[0m  [1m[34mSELECT "schema_migrations".* FROM "schema_migrations"[0m
Processing by PagesController#home as HTML
  [1m[36mPlan Load (0.3ms)[0m  [1m[34mSELECT  "plans".* FROM "plans" WHERE "plans"."id" = ? LIMIT ?[0m  [["id", 1], ["LIMIT", 1]]
  [1m[36mPlan Load (0.1ms)[0m  [1m[34mSELECT  "plans".* FROM "plans" WHERE "plans"."id" = ? LIMIT ?[0m  [["id", 2], ["LIMIT", 1]]
  Rendering pages/home.html.erb within layouts/application
  Rendered pages/home.html.erb within layouts/application (6.1ms)
Completed 200 OK in 17975ms (Views: 17811.5ms | ActiveRecord: 1.2ms)


Started GET "/users/sign_up?plan=2" for 70.44.175.215 at 2017-08-20 00:31:58 +0000
Cannot render console from 70.44.175.215! Allowed networks: 127.0.0.1, ::1, 127.0.0.0/127.255.255.255
Processing by Users::RegistrationsController#new as HTML
  Parameters: {"plan"=>"2"}
  Rendering devise/registrations/new.html.erb within layouts/application
  Rendered devise/registrations/_pro_form.html.erb (29.2ms)
  Rendered devise/shared/_links.html.erb (1.6ms)
  Rendered devise/registrations/new.html.erb within layouts/application (36.4ms)
Completed 200 OK in 193ms (Views: 177.5ms | ActiveRecord: 0.9ms)


Started GET "/users/sign_up?plan=2" for 70.44.175.215 at 2017-08-20 00:32:03 +0000
Cannot render console from 70.44.175.215! Allowed networks: 127.0.0.1, ::1, 127.0.0.0/127.255.255.255
Processing by Users::RegistrationsController#new as HTML
  Parameters: {"plan"=>"2"}
  Rendering devise/registrations/new.html.erb within layouts/application
  Rendered devise/registrations/_pro_form.html.erb (4.3ms)
  Rendered devise/shared/_links.html.erb (1.2ms)
  Rendered devise/registrations/new.html.erb within layouts/application (9.4ms)
Completed 200 OK in 149ms (Views: 147.7ms | ActiveRecord: 0.0ms)


Started GET "/users/sign_up?plan=3" for 70.44.175.215 at 2017-08-20 00:32:06 +0000
Cannot render console from 70.44.175.215! Allowed networks: 127.0.0.1, ::1, 127.0.0.0/127.255.255.255
Processing by Users::RegistrationsController#new as HTML
  Parameters: {"plan"=>"3"}
Redirected to https://rails-workspace-smage.c9users.io/
Filter chain halted as :select_plan rendered or redirected
Completed 302 Found in 1ms (ActiveRecord: 0.0ms)


Started GET "/" for 70.44.175.215 at 2017-08-20 00:32:06 +0000
Cannot render console from 70.44.175.215! Allowed networks: 127.0.0.1, ::1, 127.0.0.0/127.255.255.255
Processing by PagesController#home as HTML
  [1m[36mPlan Load (0.2ms)[0m  [1m[34mSELECT  "plans".* FROM "plans" WHERE "plans"."id" = ? LIMIT ?[0m  [["id", 1], ["LIMIT", 1]]
  [1m[36mPlan Load (0.2ms)[0m  [1m[34mSELECT  "plans".* FROM "plans" WHERE "plans"."id" = ? LIMIT ?[0m  [["id", 2], ["LIMIT", 1]]
  Rendering pages/home.html.erb within layouts/application
  Rendered pages/home.html.erb within layouts/application (1.0ms)
Completed 200 OK in 136ms (Views: 56.6ms | ActiveRecord: 0.3ms)


